2025-03-27 16:33:31,476 - canvas_api - ERROR - Credential error for student system: Expecting value: line 1 column 1 (char 0)
2025-03-27 16:33:51,302 - canvas_api - ERROR - Credential error for student system: Expecting value: line 1 column 1 (char 0)
2025-03-27 16:38:19,945 - canvas_api - ERROR - API error for student Jiang Chenghao at endpoint courses/37046/enrollments: API returned status code: 403
2025-03-27 16:38:19,946 - canvas_api - ERROR - API error for student Jiang Chenghao at endpoint courses/37046/enrollments: Failed to connect to Canvas API for student Jiang Chenghao: API returned status code: 403
2025-03-27 16:38:23,168 - canvas_api - ERROR - API error for student Wu Haoming at endpoint courses/37046/enrollments: API returned status code: 403
2025-03-27 16:38:23,168 - canvas_api - ERROR - API error for student Wu Haoming at endpoint courses/37046/enrollments: Failed to connect to Canvas API for student Wu Haoming: API returned status code: 403
2025-03-28 14:25:43,790 - canvas_api - ERROR - API error for student Feng Linquan at endpoint profile: API returned status code: 401
2025-03-28 14:25:43,791 - canvas_api - ERROR - API error for student Feng Linquan at endpoint profile: Failed to connect to Canvas API for student Feng Linquan: API returned status code: 401
2025-03-28 14:26:06,145 - canvas_api - ERROR - API error for student Feng Linquan at endpoint profile: API returned status code: 401
2025-03-28 14:26:06,147 - canvas_api - ERROR - API error for student Feng Linquan at endpoint profile: Failed to connect to Canvas API for student Feng Linquan: API returned status code: 401
2025-03-28 14:31:29,056 - canvas_api - ERROR - API error for student Feng Linquan at endpoint profile: API returned status code: 401
2025-03-28 14:31:29,058 - canvas_api - ERROR - API error for student Feng Linquan at endpoint profile: Failed to connect to Canvas API for student Feng Linquan: API returned status code: 401
2025-03-28 15:26:02,798 - httpx - INFO - HTTP Request: POST https://api.notion.com/v1/databases/1c49efeede7b801b8c8fe08440084dff/query "HTTP/1.1 200 OK"
2025-03-28 15:27:47,961 - httpx - INFO - HTTP Request: POST https://api.notion.com/v1/databases/1c49efeede7b801b8c8fe08440084dff/query "HTTP/1.1 200 OK"
2025-03-28 15:27:49,076 - httpx - INFO - HTTP Request: POST https://api.notion.com/v1/pages "HTTP/1.1 200 OK"
2025-03-28 15:27:49,542 - httpx - INFO - HTTP Request: POST https://api.notion.com/v1/pages "HTTP/1.1 200 OK"
2025-03-28 15:27:50,646 - httpx - INFO - HTTP Request: POST https://api.notion.com/v1/pages "HTTP/1.1 200 OK"
2025-03-28 15:27:51,092 - httpx - INFO - HTTP Request: POST https://api.notion.com/v1/pages "HTTP/1.1 200 OK"
2025-03-28 15:27:51,835 - httpx - INFO - HTTP Request: POST https://api.notion.com/v1/pages "HTTP/1.1 200 OK"
2025-03-28 15:27:59,029 - httpx - INFO - HTTP Request: POST https://api.notion.com/v1/pages "HTTP/1.1 200 OK"
2025-03-28 15:27:59,488 - httpx - INFO - HTTP Request: POST https://api.notion.com/v1/pages "HTTP/1.1 200 OK"
2025-03-28 15:27:59,931 - httpx - INFO - HTTP Request: POST https://api.notion.com/v1/pages "HTTP/1.1 200 OK"
2025-03-28 15:28:00,738 - httpx - INFO - HTTP Request: POST https://api.notion.com/v1/pages "HTTP/1.1 200 OK"
2025-03-28 15:28:01,971 - httpx - INFO - HTTP Request: POST https://api.notion.com/v1/pages "HTTP/1.1 200 OK"
2025-03-28 15:28:02,437 - httpx - INFO - HTTP Request: POST https://api.notion.com/v1/pages "HTTP/1.1 200 OK"
2025-03-28 15:28:02,883 - httpx - INFO - HTTP Request: POST https://api.notion.com/v1/pages "HTTP/1.1 200 OK"
2025-03-28 15:28:09,875 - httpx - INFO - HTTP Request: POST https://api.notion.com/v1/pages "HTTP/1.1 200 OK"
2025-03-28 15:28:10,695 - httpx - INFO - HTTP Request: POST https://api.notion.com/v1/pages "HTTP/1.1 200 OK"
2025-03-28 15:28:12,334 - httpx - INFO - HTTP Request: POST https://api.notion.com/v1/pages "HTTP/1.1 200 OK"
2025-03-28 15:30:32,852 - httpx - INFO - HTTP Request: POST https://api.notion.com/v1/databases/1c49efeede7b801b8c8fe08440084dff/query "HTTP/1.1 200 OK"
2025-03-28 15:30:33,527 - httpx - INFO - HTTP Request: PATCH https://api.notion.com/v1/pages/1c49efee-de7b-8131-85d0-f2bc2bd2991d "HTTP/1.1 200 OK"
2025-03-28 15:30:34,246 - httpx - INFO - HTTP Request: PATCH https://api.notion.com/v1/pages/1c49efee-de7b-810b-aff8-fdd60eca0f7f "HTTP/1.1 200 OK"
2025-03-28 15:30:37,187 - httpx - INFO - HTTP Request: PATCH https://api.notion.com/v1/pages/1c49efee-de7b-81ea-b8b1-ce02aebd8e5f "HTTP/1.1 200 OK"
2025-03-28 15:30:40,047 - httpx - INFO - HTTP Request: PATCH https://api.notion.com/v1/pages/1c49efee-de7b-8184-bbbc-c177a90cb3b8 "HTTP/1.1 200 OK"
2025-03-28 15:30:42,746 - httpx - INFO - HTTP Request: PATCH https://api.notion.com/v1/pages/1c49efee-de7b-8109-975b-db25d68415c4 "HTTP/1.1 200 OK"
2025-03-28 15:30:44,151 - httpx - INFO - HTTP Request: PATCH https://api.notion.com/v1/pages/1c49efee-de7b-81a7-b754-d7c8b9473d6e "HTTP/1.1 200 OK"
2025-03-28 15:30:46,007 - httpx - INFO - HTTP Request: PATCH https://api.notion.com/v1/pages/1c49efee-de7b-81ed-9650-cd2bc5fa71eb "HTTP/1.1 200 OK"
2025-03-28 15:30:46,414 - httpx - INFO - HTTP Request: PATCH https://api.notion.com/v1/pages/1c49efee-de7b-8183-8fea-fa7d9966f880 "HTTP/1.1 200 OK"
2025-03-28 15:30:47,272 - httpx - INFO - HTTP Request: PATCH https://api.notion.com/v1/pages/1c49efee-de7b-81f1-9498-ccd79c7e67fb "HTTP/1.1 200 OK"
2025-03-28 15:30:52,031 - httpx - INFO - HTTP Request: PATCH https://api.notion.com/v1/pages/1c49efee-de7b-81b4-8a42-d80c6780ec34 "HTTP/1.1 200 OK"
2025-03-28 15:30:52,308 - httpx - INFO - HTTP Request: PATCH https://api.notion.com/v1/pages/1c49efee-de7b-8128-9a19-e133fa53bd85 "HTTP/1.1 400 Bad Request"
2025-03-28 15:30:53,982 - httpx - INFO - HTTP Request: PATCH https://api.notion.com/v1/pages/1c49efee-de7b-8137-b275-dd104ac55bf0 "HTTP/1.1 400 Bad Request"
2025-03-28 15:30:55,140 - httpx - INFO - HTTP Request: PATCH https://api.notion.com/v1/pages/1c49efee-de7b-815c-852d-e6e7ecc6710c "HTTP/1.1 400 Bad Request"
2025-03-28 15:30:55,396 - httpx - INFO - HTTP Request: PATCH https://api.notion.com/v1/pages/1c49efee-de7b-81de-a6ab-eeb19d22524e "HTTP/1.1 400 Bad Request"
2025-03-28 15:30:55,700 - httpx - INFO - HTTP Request: PATCH https://api.notion.com/v1/pages/1c49efee-de7b-81d7-aaca-d60b0462410b "HTTP/1.1 400 Bad Request"
2025-03-28 15:31:42,467 - httpx - INFO - HTTP Request: POST https://api.notion.com/v1/databases/1c49efeede7b801b8c8fe08440084dff/query "HTTP/1.1 200 OK"
2025-03-28 15:31:43,664 - httpx - INFO - HTTP Request: POST https://api.notion.com/v1/pages "HTTP/1.1 200 OK"
2025-03-28 15:31:44,415 - httpx - INFO - HTTP Request: POST https://api.notion.com/v1/pages "HTTP/1.1 200 OK"
2025-03-28 15:31:44,965 - httpx - INFO - HTTP Request: POST https://api.notion.com/v1/pages "HTTP/1.1 200 OK"
2025-03-28 15:31:52,621 - httpx - INFO - HTTP Request: POST https://api.notion.com/v1/pages "HTTP/1.1 200 OK"
2025-03-28 15:31:53,753 - httpx - INFO - HTTP Request: POST https://api.notion.com/v1/pages "HTTP/1.1 200 OK"
2025-03-28 15:31:54,244 - httpx - INFO - HTTP Request: POST https://api.notion.com/v1/pages "HTTP/1.1 200 OK"
2025-03-28 15:32:01,357 - httpx - INFO - HTTP Request: POST https://api.notion.com/v1/pages "HTTP/1.1 200 OK"
2025-03-28 15:32:42,292 - httpx - INFO - HTTP Request: POST https://api.notion.com/v1/pages "HTTP/1.1 200 OK"
2025-03-28 15:32:52,880 - httpx - INFO - HTTP Request: POST https://api.notion.com/v1/pages "HTTP/1.1 200 OK"
2025-03-28 15:32:53,497 - httpx - INFO - HTTP Request: POST https://api.notion.com/v1/pages "HTTP/1.1 200 OK"
2025-03-28 15:33:00,809 - httpx - INFO - HTTP Request: POST https://api.notion.com/v1/pages "HTTP/1.1 200 OK"
2025-03-28 15:33:03,636 - httpx - INFO - HTTP Request: POST https://api.notion.com/v1/pages "HTTP/1.1 200 OK"
2025-03-28 15:33:08,354 - httpx - INFO - HTTP Request: POST https://api.notion.com/v1/pages "HTTP/1.1 200 OK"
2025-03-28 15:33:10,514 - httpx - INFO - HTTP Request: POST https://api.notion.com/v1/pages "HTTP/1.1 200 OK"
2025-03-28 15:33:11,000 - httpx - INFO - HTTP Request: POST https://api.notion.com/v1/pages "HTTP/1.1 200 OK"
2025-03-28 15:38:25,411 - httpx - INFO - HTTP Request: POST https://api.notion.com/v1/databases/1c49efeede7b801b8c8fe08440084dff/query "HTTP/1.1 200 OK"
2025-03-28 15:38:26,467 - httpx - INFO - HTTP Request: PATCH https://api.notion.com/v1/pages/1c49efee-de7b-81ab-8eae-d13bc77002ba "HTTP/1.1 200 OK"
2025-03-28 15:38:29,849 - httpx - INFO - HTTP Request: PATCH https://api.notion.com/v1/pages/1c49efee-de7b-8152-b570-c7b2c6eb6188 "HTTP/1.1 200 OK"
2025-03-28 15:38:30,264 - httpx - INFO - HTTP Request: PATCH https://api.notion.com/v1/pages/1c49efee-de7b-8186-9c71-e603121c02b1 "HTTP/1.1 200 OK"
2025-03-28 15:38:30,733 - httpx - INFO - HTTP Request: PATCH https://api.notion.com/v1/pages/1c49efee-de7b-81e2-9904-d5ba9bb03da2 "HTTP/1.1 200 OK"
2025-03-28 15:38:31,083 - httpx - INFO - HTTP Request: PATCH https://api.notion.com/v1/pages/1c49efee-de7b-8122-b3f0-db44db9f0889 "HTTP/1.1 200 OK"
2025-03-28 15:38:34,122 - httpx - INFO - HTTP Request: PATCH https://api.notion.com/v1/pages/1c49efee-de7b-81a9-a8a4-f0d0c36b5450 "HTTP/1.1 200 OK"
2025-03-28 15:38:35,060 - httpx - INFO - HTTP Request: PATCH https://api.notion.com/v1/pages/1c49efee-de7b-8119-b1a5-f7b8925b22fa "HTTP/1.1 200 OK"
2025-03-28 15:38:35,446 - httpx - INFO - HTTP Request: PATCH https://api.notion.com/v1/pages/1c49efee-de7b-8174-b19d-fca1f99b7e5d "HTTP/1.1 200 OK"
2025-03-28 15:38:35,884 - httpx - INFO - HTTP Request: PATCH https://api.notion.com/v1/pages/1c49efee-de7b-81d3-bff7-faa4759777bd "HTTP/1.1 200 OK"
2025-03-28 15:38:36,251 - httpx - INFO - HTTP Request: PATCH https://api.notion.com/v1/pages/1c49efee-de7b-81fd-ae40-fd0e2a26ae94 "HTTP/1.1 200 OK"
2025-03-28 15:38:36,730 - httpx - INFO - HTTP Request: PATCH https://api.notion.com/v1/pages/1c49efee-de7b-818e-9798-f0c82225277c "HTTP/1.1 200 OK"
2025-03-28 15:38:37,200 - httpx - INFO - HTTP Request: PATCH https://api.notion.com/v1/pages/1c49efee-de7b-811a-bf7c-c586c2709412 "HTTP/1.1 200 OK"
2025-03-28 15:38:37,620 - httpx - INFO - HTTP Request: PATCH https://api.notion.com/v1/pages/1c49efee-de7b-815c-bda0-d7d710c1d652 "HTTP/1.1 200 OK"
2025-03-28 15:38:38,564 - httpx - INFO - HTTP Request: PATCH https://api.notion.com/v1/pages/1c49efee-de7b-8158-a6e5-d419acc67a08 "HTTP/1.1 200 OK"
2025-03-28 15:38:40,071 - httpx - INFO - HTTP Request: PATCH https://api.notion.com/v1/pages/1c49efee-de7b-81d2-aa06-c7702f946613 "HTTP/1.1 200 OK"
2025-03-28 15:39:22,941 - httpx - INFO - HTTP Request: POST https://api.notion.com/v1/databases/1c49efeede7b801b8c8fe08440084dff/query "HTTP/1.1 200 OK"
2025-03-28 15:39:23,341 - httpx - INFO - HTTP Request: PATCH https://api.notion.com/v1/pages/1c49efee-de7b-81ab-8eae-d13bc77002ba "HTTP/1.1 200 OK"
2025-03-28 15:39:24,865 - httpx - INFO - HTTP Request: PATCH https://api.notion.com/v1/pages/1c49efee-de7b-8152-b570-c7b2c6eb6188 "HTTP/1.1 200 OK"
2025-03-28 15:39:28,103 - httpx - INFO - HTTP Request: PATCH https://api.notion.com/v1/pages/1c49efee-de7b-8186-9c71-e603121c02b1 "HTTP/1.1 200 OK"
2025-03-28 15:39:32,644 - httpx - INFO - HTTP Request: PATCH https://api.notion.com/v1/pages/1c49efee-de7b-81e2-9904-d5ba9bb03da2 "HTTP/1.1 200 OK"
2025-03-28 15:39:33,590 - httpx - INFO - HTTP Request: PATCH https://api.notion.com/v1/pages/1c49efee-de7b-8122-b3f0-db44db9f0889 "HTTP/1.1 200 OK"
2025-03-28 15:39:33,991 - httpx - INFO - HTTP Request: PATCH https://api.notion.com/v1/pages/1c49efee-de7b-81a9-a8a4-f0d0c36b5450 "HTTP/1.1 200 OK"
2025-03-28 15:39:36,250 - httpx - INFO - HTTP Request: PATCH https://api.notion.com/v1/pages/1c49efee-de7b-8119-b1a5-f7b8925b22fa "HTTP/1.1 200 OK"
2025-03-28 15:39:36,801 - httpx - INFO - HTTP Request: PATCH https://api.notion.com/v1/pages/1c49efee-de7b-8174-b19d-fca1f99b7e5d "HTTP/1.1 200 OK"
2025-03-28 15:39:37,248 - httpx - INFO - HTTP Request: PATCH https://api.notion.com/v1/pages/1c49efee-de7b-81d3-bff7-faa4759777bd "HTTP/1.1 200 OK"
2025-03-28 15:39:37,790 - httpx - INFO - HTTP Request: PATCH https://api.notion.com/v1/pages/1c49efee-de7b-81fd-ae40-fd0e2a26ae94 "HTTP/1.1 200 OK"
2025-03-28 15:39:39,017 - httpx - INFO - HTTP Request: PATCH https://api.notion.com/v1/pages/1c49efee-de7b-818e-9798-f0c82225277c "HTTP/1.1 200 OK"
2025-03-28 15:39:39,443 - httpx - INFO - HTTP Request: PATCH https://api.notion.com/v1/pages/1c49efee-de7b-811a-bf7c-c586c2709412 "HTTP/1.1 200 OK"
2025-03-28 15:39:39,839 - httpx - INFO - HTTP Request: PATCH https://api.notion.com/v1/pages/1c49efee-de7b-815c-bda0-d7d710c1d652 "HTTP/1.1 200 OK"
2025-03-28 15:39:40,505 - httpx - INFO - HTTP Request: PATCH https://api.notion.com/v1/pages/1c49efee-de7b-8158-a6e5-d419acc67a08 "HTTP/1.1 200 OK"
2025-03-28 15:39:41,170 - httpx - INFO - HTTP Request: PATCH https://api.notion.com/v1/pages/1c49efee-de7b-81d2-aa06-c7702f946613 "HTTP/1.1 200 OK"
2025-03-28 15:42:49,365 - httpx - INFO - HTTP Request: POST https://api.notion.com/v1/pages "HTTP/1.1 200 OK"
2025-03-28 15:42:49,851 - httpx - INFO - HTTP Request: POST https://api.notion.com/v1/pages "HTTP/1.1 200 OK"
2025-03-28 15:42:56,398 - httpx - INFO - HTTP Request: POST https://api.notion.com/v1/pages "HTTP/1.1 200 OK"
2025-03-28 15:42:57,595 - httpx - INFO - HTTP Request: POST https://api.notion.com/v1/pages "HTTP/1.1 200 OK"
2025-03-28 15:42:58,079 - httpx - INFO - HTTP Request: POST https://api.notion.com/v1/pages "HTTP/1.1 200 OK"
2025-03-28 15:42:59,199 - httpx - INFO - HTTP Request: POST https://api.notion.com/v1/pages "HTTP/1.1 200 OK"
2025-03-28 15:43:01,902 - httpx - INFO - HTTP Request: POST https://api.notion.com/v1/pages "HTTP/1.1 200 OK"
2025-03-28 15:43:03,024 - httpx - INFO - HTTP Request: POST https://api.notion.com/v1/pages "HTTP/1.1 200 OK"
2025-03-28 15:43:04,313 - httpx - INFO - HTTP Request: POST https://api.notion.com/v1/pages "HTTP/1.1 200 OK"
2025-03-28 15:43:04,801 - httpx - INFO - HTTP Request: POST https://api.notion.com/v1/pages "HTTP/1.1 200 OK"
2025-03-28 15:43:06,901 - httpx - INFO - HTTP Request: POST https://api.notion.com/v1/pages "HTTP/1.1 200 OK"
2025-03-28 15:43:08,705 - httpx - INFO - HTTP Request: POST https://api.notion.com/v1/pages "HTTP/1.1 200 OK"
2025-03-28 15:43:09,827 - httpx - INFO - HTTP Request: POST https://api.notion.com/v1/pages "HTTP/1.1 200 OK"
2025-03-28 15:43:10,475 - httpx - INFO - HTTP Request: POST https://api.notion.com/v1/pages "HTTP/1.1 200 OK"
2025-03-28 15:43:10,937 - httpx - INFO - HTTP Request: POST https://api.notion.com/v1/pages "HTTP/1.1 200 OK"
2025-03-28 15:43:18,068 - httpx - INFO - HTTP Request: POST https://api.notion.com/v1/pages "HTTP/1.1 200 OK"
2025-03-28 15:43:19,174 - httpx - INFO - HTTP Request: POST https://api.notion.com/v1/pages "HTTP/1.1 200 OK"
2025-03-28 15:43:20,234 - httpx - INFO - HTTP Request: POST https://api.notion.com/v1/pages "HTTP/1.1 200 OK"
2025-03-28 15:43:24,126 - httpx - INFO - HTTP Request: POST https://api.notion.com/v1/pages "HTTP/1.1 200 OK"
2025-03-28 15:43:27,003 - httpx - INFO - HTTP Request: POST https://api.notion.com/v1/pages "HTTP/1.1 200 OK"
2025-03-28 15:43:27,645 - httpx - INFO - HTTP Request: POST https://api.notion.com/v1/pages "HTTP/1.1 200 OK"
2025-03-28 15:43:28,221 - httpx - INFO - HTTP Request: POST https://api.notion.com/v1/pages "HTTP/1.1 200 OK"
2025-03-28 15:43:28,704 - httpx - INFO - HTTP Request: POST https://api.notion.com/v1/pages "HTTP/1.1 200 OK"
2025-03-28 15:43:30,783 - httpx - INFO - HTTP Request: POST https://api.notion.com/v1/pages "HTTP/1.1 200 OK"
2025-03-28 15:43:32,064 - httpx - INFO - HTTP Request: POST https://api.notion.com/v1/pages "HTTP/1.1 200 OK"
2025-03-28 15:43:32,599 - httpx - INFO - HTTP Request: POST https://api.notion.com/v1/pages "HTTP/1.1 200 OK"
2025-03-28 15:43:33,267 - httpx - INFO - HTTP Request: POST https://api.notion.com/v1/pages "HTTP/1.1 200 OK"
2025-03-28 15:43:34,668 - httpx - INFO - HTTP Request: POST https://api.notion.com/v1/pages "HTTP/1.1 200 OK"
2025-03-28 15:43:35,124 - httpx - INFO - HTTP Request: POST https://api.notion.com/v1/pages "HTTP/1.1 200 OK"
2025-03-28 15:43:37,046 - httpx - INFO - HTTP Request: POST https://api.notion.com/v1/pages "HTTP/1.1 200 OK"
2025-03-28 16:34:43,450 - httpx - INFO - HTTP Request: POST https://api.notion.com/v1/pages "HTTP/1.1 200 OK"
2025-03-28 16:34:43,945 - httpx - INFO - HTTP Request: POST https://api.notion.com/v1/pages "HTTP/1.1 200 OK"
2025-03-28 16:34:45,048 - httpx - INFO - HTTP Request: POST https://api.notion.com/v1/pages "HTTP/1.1 200 OK"
2025-03-28 16:34:47,347 - httpx - INFO - HTTP Request: POST https://api.notion.com/v1/pages "HTTP/1.1 200 OK"
2025-03-28 16:34:49,810 - httpx - INFO - HTTP Request: POST https://api.notion.com/v1/pages "HTTP/1.1 200 OK"
2025-03-28 16:34:50,341 - httpx - INFO - HTTP Request: POST https://api.notion.com/v1/pages "HTTP/1.1 200 OK"
2025-03-28 16:34:50,805 - httpx - INFO - HTTP Request: POST https://api.notion.com/v1/pages "HTTP/1.1 200 OK"
2025-03-28 16:34:51,969 - httpx - INFO - HTTP Request: POST https://api.notion.com/v1/pages "HTTP/1.1 200 OK"
2025-03-28 16:34:52,585 - httpx - INFO - HTTP Request: POST https://api.notion.com/v1/pages "HTTP/1.1 200 OK"
2025-03-28 16:34:54,125 - httpx - INFO - HTTP Request: POST https://api.notion.com/v1/pages "HTTP/1.1 200 OK"
2025-03-28 16:34:58,899 - httpx - INFO - HTTP Request: POST https://api.notion.com/v1/pages "HTTP/1.1 200 OK"
2025-03-28 16:34:59,442 - httpx - INFO - HTTP Request: POST https://api.notion.com/v1/pages "HTTP/1.1 200 OK"
2025-03-28 16:35:00,584 - httpx - INFO - HTTP Request: POST https://api.notion.com/v1/pages "HTTP/1.1 200 OK"
2025-03-28 16:35:01,197 - httpx - INFO - HTTP Request: POST https://api.notion.com/v1/pages "HTTP/1.1 200 OK"
2025-03-28 16:35:01,784 - httpx - INFO - HTTP Request: POST https://api.notion.com/v1/pages "HTTP/1.1 200 OK"
2025-03-28 16:54:46,999 - httpx - INFO - HTTP Request: POST https://api.notion.com/v1/pages "HTTP/1.1 200 OK"
2025-03-28 16:54:47,493 - httpx - INFO - HTTP Request: POST https://api.notion.com/v1/pages "HTTP/1.1 200 OK"
2025-03-28 16:54:48,039 - httpx - INFO - HTTP Request: POST https://api.notion.com/v1/pages "HTTP/1.1 200 OK"
2025-03-28 16:54:53,965 - httpx - INFO - HTTP Request: POST https://api.notion.com/v1/pages "HTTP/1.1 200 OK"
2025-03-28 16:54:55,742 - httpx - INFO - HTTP Request: POST https://api.notion.com/v1/pages "HTTP/1.1 200 OK"
2025-03-28 16:54:56,177 - httpx - INFO - HTTP Request: POST https://api.notion.com/v1/pages "HTTP/1.1 200 OK"
2025-03-28 16:54:56,585 - httpx - INFO - HTTP Request: POST https://api.notion.com/v1/pages "HTTP/1.1 200 OK"
2025-03-28 16:54:57,177 - httpx - INFO - HTTP Request: POST https://api.notion.com/v1/pages "HTTP/1.1 200 OK"
2025-03-28 16:54:57,792 - httpx - INFO - HTTP Request: POST https://api.notion.com/v1/pages "HTTP/1.1 200 OK"
2025-03-28 16:54:58,222 - httpx - INFO - HTTP Request: POST https://api.notion.com/v1/pages "HTTP/1.1 200 OK"
2025-03-28 16:55:06,794 - httpx - INFO - HTTP Request: POST https://api.notion.com/v1/pages "HTTP/1.1 200 OK"
2025-03-28 16:55:07,244 - httpx - INFO - HTTP Request: POST https://api.notion.com/v1/pages "HTTP/1.1 200 OK"
2025-03-28 16:55:09,229 - httpx - INFO - HTTP Request: POST https://api.notion.com/v1/pages "HTTP/1.1 200 OK"
2025-03-28 16:55:10,082 - httpx - INFO - HTTP Request: POST https://api.notion.com/v1/pages "HTTP/1.1 200 OK"
2025-03-28 16:55:11,378 - httpx - INFO - HTTP Request: POST https://api.notion.com/v1/pages "HTTP/1.1 200 OK"
2025-03-28 16:55:58,718 - httpx - INFO - HTTP Request: POST https://api.notion.com/v1/pages "HTTP/1.1 200 OK"
2025-03-28 16:55:59,301 - httpx - INFO - HTTP Request: POST https://api.notion.com/v1/pages "HTTP/1.1 200 OK"
2025-03-28 16:55:59,910 - httpx - INFO - HTTP Request: POST https://api.notion.com/v1/pages "HTTP/1.1 200 OK"
2025-03-28 16:56:00,321 - httpx - INFO - HTTP Request: POST https://api.notion.com/v1/pages "HTTP/1.1 200 OK"
2025-03-28 16:56:03,476 - httpx - INFO - HTTP Request: POST https://api.notion.com/v1/pages "HTTP/1.1 200 OK"
2025-03-28 16:56:04,086 - httpx - INFO - HTTP Request: POST https://api.notion.com/v1/pages "HTTP/1.1 200 OK"
2025-03-28 16:56:04,547 - httpx - INFO - HTTP Request: POST https://api.notion.com/v1/pages "HTTP/1.1 200 OK"
2025-03-28 16:56:05,004 - httpx - INFO - HTTP Request: POST https://api.notion.com/v1/pages "HTTP/1.1 200 OK"
2025-03-28 16:56:05,553 - httpx - INFO - HTTP Request: POST https://api.notion.com/v1/pages "HTTP/1.1 200 OK"
2025-03-28 16:56:08,608 - httpx - INFO - HTTP Request: POST https://api.notion.com/v1/pages "HTTP/1.1 200 OK"
2025-03-28 16:56:09,739 - httpx - INFO - HTTP Request: POST https://api.notion.com/v1/pages "HTTP/1.1 200 OK"
2025-03-28 16:56:10,228 - httpx - INFO - HTTP Request: POST https://api.notion.com/v1/pages "HTTP/1.1 200 OK"
2025-03-28 16:56:11,546 - httpx - INFO - HTTP Request: POST https://api.notion.com/v1/pages "HTTP/1.1 200 OK"
2025-03-28 16:56:12,134 - httpx - INFO - HTTP Request: POST https://api.notion.com/v1/pages "HTTP/1.1 200 OK"
2025-03-28 16:56:12,667 - httpx - INFO - HTTP Request: POST https://api.notion.com/v1/pages "HTTP/1.1 200 OK"
2025-03-28 17:18:39,555 - httpx - INFO - HTTP Request: POST https://api.notion.com/v1/databases/1c49efeede7b801b8c8fe08440084dff/query "HTTP/1.1 200 OK"
2025-03-28 17:18:39,973 - httpx - INFO - HTTP Request: PATCH https://api.notion.com/v1/pages/1c49efee-de7b-81c6-9c17-f48373c2e02b "HTTP/1.1 200 OK"
2025-03-28 17:18:45,106 - httpx - INFO - HTTP Request: PATCH https://api.notion.com/v1/pages/1c49efee-de7b-814c-ae6f-da0b047f84f1 "HTTP/1.1 200 OK"
2025-03-28 17:18:46,226 - httpx - INFO - HTTP Request: PATCH https://api.notion.com/v1/pages/1c49efee-de7b-81ba-a430-d7bae5faa77a "HTTP/1.1 200 OK"
2025-03-28 17:18:46,792 - httpx - INFO - HTTP Request: PATCH https://api.notion.com/v1/pages/1c49efee-de7b-81ff-a20c-e1bd70b6a8b9 "HTTP/1.1 200 OK"
2025-03-28 17:18:47,183 - httpx - INFO - HTTP Request: PATCH https://api.notion.com/v1/pages/1c49efee-de7b-81d2-b9aa-f36f8a61866e "HTTP/1.1 200 OK"
2025-03-28 17:18:47,547 - httpx - INFO - HTTP Request: PATCH https://api.notion.com/v1/pages/1c49efee-de7b-8134-ae97-f2e2870add1a "HTTP/1.1 200 OK"
2025-03-28 17:18:48,678 - httpx - INFO - HTTP Request: PATCH https://api.notion.com/v1/pages/1c49efee-de7b-8140-a09e-f0ebddb3c63e "HTTP/1.1 200 OK"
2025-03-28 17:18:49,159 - httpx - INFO - HTTP Request: PATCH https://api.notion.com/v1/pages/1c49efee-de7b-8124-a94c-d668deae8294 "HTTP/1.1 200 OK"
2025-03-28 17:18:50,834 - httpx - INFO - HTTP Request: PATCH https://api.notion.com/v1/pages/1c49efee-de7b-81b4-84e5-e1121b23371e "HTTP/1.1 200 OK"
2025-03-28 17:18:52,521 - httpx - INFO - HTTP Request: PATCH https://api.notion.com/v1/pages/1c49efee-de7b-81ce-9539-c9c22ccfe149 "HTTP/1.1 200 OK"
2025-03-28 17:18:53,937 - httpx - INFO - HTTP Request: PATCH https://api.notion.com/v1/pages/1c49efee-de7b-8138-a480-c340d0d80f5f "HTTP/1.1 200 OK"
2025-03-28 17:18:55,027 - httpx - INFO - HTTP Request: PATCH https://api.notion.com/v1/pages/1c49efee-de7b-81cf-bee6-e22eb23c8e7e "HTTP/1.1 200 OK"
2025-03-28 17:18:55,651 - httpx - INFO - HTTP Request: PATCH https://api.notion.com/v1/pages/1c49efee-de7b-819d-8c7e-e7f589e3ffe5 "HTTP/1.1 200 OK"
2025-03-28 17:19:02,071 - httpx - INFO - HTTP Request: PATCH https://api.notion.com/v1/pages/1c49efee-de7b-81c4-aa4d-c8b467c77691 "HTTP/1.1 200 OK"
2025-03-28 17:19:03,255 - httpx - INFO - HTTP Request: PATCH https://api.notion.com/v1/pages/1c49efee-de7b-8103-8dfa-f50612c9a7f6 "HTTP/1.1 200 OK"
2025-03-28 17:19:04,406 - httpx - INFO - HTTP Request: PATCH https://api.notion.com/v1/pages/1c49efee-de7b-81c8-bf66-cdc1bba78c95 "HTTP/1.1 200 OK"
2025-03-28 17:19:04,838 - httpx - INFO - HTTP Request: PATCH https://api.notion.com/v1/pages/1c49efee-de7b-8198-9642-d502dfc7ae2a "HTTP/1.1 200 OK"
2025-03-28 17:19:05,369 - httpx - INFO - HTTP Request: PATCH https://api.notion.com/v1/pages/1c49efee-de7b-8141-bd7d-e9a388307558 "HTTP/1.1 200 OK"
2025-03-28 17:19:05,831 - httpx - INFO - HTTP Request: PATCH https://api.notion.com/v1/pages/1c49efee-de7b-8187-b44f-f7d641f16dcf "HTTP/1.1 200 OK"
2025-03-28 17:19:06,661 - httpx - INFO - HTTP Request: PATCH https://api.notion.com/v1/pages/1c49efee-de7b-8125-a521-c7e96a8ec22e "HTTP/1.1 200 OK"
2025-03-28 17:19:07,043 - httpx - INFO - HTTP Request: PATCH https://api.notion.com/v1/pages/1c49efee-de7b-8196-80c0-ee461078de87 "HTTP/1.1 200 OK"
2025-03-28 17:19:07,811 - httpx - INFO - HTTP Request: PATCH https://api.notion.com/v1/pages/1c49efee-de7b-8162-a1a4-f6d8a3c63798 "HTTP/1.1 200 OK"
2025-03-28 17:19:08,279 - httpx - INFO - HTTP Request: PATCH https://api.notion.com/v1/pages/1c49efee-de7b-8137-b3b0-e22268f012ce "HTTP/1.1 200 OK"
2025-03-28 17:19:09,838 - httpx - INFO - HTTP Request: PATCH https://api.notion.com/v1/pages/1c49efee-de7b-81ae-96df-c057430ab233 "HTTP/1.1 200 OK"
2025-03-28 17:19:10,267 - httpx - INFO - HTTP Request: PATCH https://api.notion.com/v1/pages/1c49efee-de7b-81af-a1bc-c86069f10ae0 "HTTP/1.1 200 OK"
2025-03-28 17:19:12,824 - httpx - INFO - HTTP Request: PATCH https://api.notion.com/v1/pages/1c49efee-de7b-8184-b04d-e2a4da2db7aa "HTTP/1.1 200 OK"
2025-03-28 17:19:13,336 - httpx - INFO - HTTP Request: PATCH https://api.notion.com/v1/pages/1c49efee-de7b-8110-9a80-cbe1e1ad280c "HTTP/1.1 200 OK"
2025-03-28 17:19:14,691 - httpx - INFO - HTTP Request: PATCH https://api.notion.com/v1/pages/1c49efee-de7b-81ad-a0f0-cf8199d7bf4f "HTTP/1.1 200 OK"
2025-03-28 17:19:15,107 - httpx - INFO - HTTP Request: PATCH https://api.notion.com/v1/pages/1c49efee-de7b-8139-8bc8-e7f61b9e4f6d "HTTP/1.1 200 OK"
2025-03-28 17:19:29,516 - httpx - INFO - HTTP Request: PATCH https://api.notion.com/v1/pages/1c49efee-de7b-81b0-99d3-f4ec1ff79ab5 "HTTP/1.1 200 OK"
2025-03-28 17:19:30,334 - httpx - INFO - HTTP Request: PATCH https://api.notion.com/v1/pages/1c49efee-de7b-8199-9163-dbf59680c82e "HTTP/1.1 200 OK"
2025-03-28 17:19:30,788 - httpx - INFO - HTTP Request: PATCH https://api.notion.com/v1/pages/1c49efee-de7b-81f4-aecd-e21a84748bf8 "HTTP/1.1 200 OK"
2025-03-28 17:19:31,277 - httpx - INFO - HTTP Request: PATCH https://api.notion.com/v1/pages/1c49efee-de7b-81a3-9770-d02032849e55 "HTTP/1.1 200 OK"
2025-03-28 17:19:31,779 - httpx - INFO - HTTP Request: PATCH https://api.notion.com/v1/pages/1c49efee-de7b-817e-afb9-e65b062ab800 "HTTP/1.1 200 OK"
2025-03-28 17:19:33,430 - httpx - INFO - HTTP Request: PATCH https://api.notion.com/v1/pages/1c49efee-de7b-815b-8a1e-d91c6083077b "HTTP/1.1 200 OK"
2025-03-28 17:19:33,919 - httpx - INFO - HTTP Request: PATCH https://api.notion.com/v1/pages/1c49efee-de7b-8162-86d3-e3b658fa9503 "HTTP/1.1 200 OK"
2025-03-28 17:19:34,678 - httpx - INFO - HTTP Request: PATCH https://api.notion.com/v1/pages/1c49efee-de7b-8169-bd4b-d1ef6e1e6863 "HTTP/1.1 200 OK"
2025-03-28 17:19:35,229 - httpx - INFO - HTTP Request: PATCH https://api.notion.com/v1/pages/1c49efee-de7b-8157-bbf9-c3e660e4fa11 "HTTP/1.1 200 OK"
2025-03-28 17:19:40,227 - httpx - INFO - HTTP Request: PATCH https://api.notion.com/v1/pages/1c49efee-de7b-817a-90f4-f7b59119158f "HTTP/1.1 200 OK"
2025-03-28 17:19:40,599 - httpx - INFO - HTTP Request: PATCH https://api.notion.com/v1/pages/1c49efee-de7b-81d7-b931-d81e5a0d03fa "HTTP/1.1 200 OK"
2025-03-28 17:19:41,057 - httpx - INFO - HTTP Request: PATCH https://api.notion.com/v1/pages/1c49efee-de7b-810d-9f9c-eca19c5e0150 "HTTP/1.1 200 OK"
2025-03-28 17:19:42,211 - httpx - INFO - HTTP Request: PATCH https://api.notion.com/v1/pages/1c49efee-de7b-81fe-877d-c49fbcca3528 "HTTP/1.1 200 OK"
2025-03-28 17:19:42,620 - httpx - INFO - HTTP Request: PATCH https://api.notion.com/v1/pages/1c49efee-de7b-815c-a4f9-d4174be34def "HTTP/1.1 200 OK"
2025-03-28 17:19:44,682 - httpx - INFO - HTTP Request: PATCH https://api.notion.com/v1/pages/1c49efee-de7b-819f-a2ec-e805a24082a2 "HTTP/1.1 200 OK"
2025-03-28 17:19:45,104 - httpx - INFO - HTTP Request: PATCH https://api.notion.com/v1/pages/1c49efee-de7b-81d9-b7ca-e979483f6ce4 "HTTP/1.1 200 OK"
2025-03-28 17:19:45,484 - httpx - INFO - HTTP Request: PATCH https://api.notion.com/v1/pages/1c49efee-de7b-81b0-9abf-e2551446547a "HTTP/1.1 200 OK"
2025-03-28 17:19:46,002 - httpx - INFO - HTTP Request: POST https://api.notion.com/v1/pages "HTTP/1.1 200 OK"
2025-03-28 17:19:47,427 - httpx - INFO - HTTP Request: POST https://api.notion.com/v1/pages "HTTP/1.1 200 OK"
2025-03-28 17:19:48,097 - httpx - INFO - HTTP Request: POST https://api.notion.com/v1/pages "HTTP/1.1 200 OK"
2025-03-28 17:19:48,780 - httpx - INFO - HTTP Request: POST https://api.notion.com/v1/pages "HTTP/1.1 200 OK"
2025-03-28 17:19:49,936 - httpx - INFO - HTTP Request: POST https://api.notion.com/v1/pages "HTTP/1.1 200 OK"
2025-03-28 17:19:52,592 - httpx - INFO - HTTP Request: POST https://api.notion.com/v1/pages "HTTP/1.1 200 OK"
2025-03-28 17:19:53,051 - httpx - INFO - HTTP Request: POST https://api.notion.com/v1/pages "HTTP/1.1 200 OK"
2025-03-28 17:19:53,524 - httpx - INFO - HTTP Request: POST https://api.notion.com/v1/pages "HTTP/1.1 200 OK"
2025-03-28 17:19:55,065 - httpx - INFO - HTTP Request: POST https://api.notion.com/v1/pages "HTTP/1.1 200 OK"
2025-03-28 17:19:55,564 - httpx - INFO - HTTP Request: POST https://api.notion.com/v1/pages "HTTP/1.1 200 OK"
2025-03-28 17:19:56,064 - httpx - INFO - HTTP Request: POST https://api.notion.com/v1/pages "HTTP/1.1 200 OK"
2025-03-28 17:19:57,187 - httpx - INFO - HTTP Request: POST https://api.notion.com/v1/pages "HTTP/1.1 200 OK"
2025-03-28 17:19:57,653 - httpx - INFO - HTTP Request: POST https://api.notion.com/v1/pages "HTTP/1.1 200 OK"
2025-03-28 17:19:58,083 - httpx - INFO - HTTP Request: POST https://api.notion.com/v1/pages "HTTP/1.1 200 OK"
2025-03-28 17:19:58,571 - httpx - INFO - HTTP Request: POST https://api.notion.com/v1/pages "HTTP/1.1 200 OK"
2025-03-28 17:21:14,996 - httpx - INFO - HTTP Request: POST https://api.notion.com/v1/databases/1c49efeede7b801b8c8fe08440084dff/query "HTTP/1.1 200 OK"
2025-03-28 17:21:15,387 - httpx - INFO - HTTP Request: PATCH https://api.notion.com/v1/pages/1c49efee-de7b-81e9-aa4a-d69c7d1ed9b6 "HTTP/1.1 200 OK"
2025-03-28 17:21:15,828 - httpx - INFO - HTTP Request: PATCH https://api.notion.com/v1/pages/1c49efee-de7b-8114-9132-f2018076023a "HTTP/1.1 200 OK"
2025-03-28 17:21:16,635 - httpx - INFO - HTTP Request: PATCH https://api.notion.com/v1/pages/1c49efee-de7b-8175-b295-ea0069c7c775 "HTTP/1.1 200 OK"
2025-03-28 17:21:17,941 - httpx - INFO - HTTP Request: PATCH https://api.notion.com/v1/pages/1c49efee-de7b-81db-9c10-f93bbdc59a53 "HTTP/1.1 200 OK"
2025-03-28 17:21:19,150 - httpx - INFO - HTTP Request: PATCH https://api.notion.com/v1/pages/1c49efee-de7b-8100-96e6-e53e2b263cf0 "HTTP/1.1 200 OK"
2025-03-28 17:21:22,538 - httpx - INFO - HTTP Request: PATCH https://api.notion.com/v1/pages/1c49efee-de7b-8144-97ef-c10761e2754c "HTTP/1.1 200 OK"
2025-03-28 17:21:26,662 - httpx - INFO - HTTP Request: PATCH https://api.notion.com/v1/pages/1c49efee-de7b-81bb-ac23-f910bdb4fe31 "HTTP/1.1 200 OK"
2025-03-28 17:21:27,227 - httpx - INFO - HTTP Request: PATCH https://api.notion.com/v1/pages/1c49efee-de7b-810f-b282-c3c8f69e08fc "HTTP/1.1 200 OK"
2025-03-28 17:21:27,669 - httpx - INFO - HTTP Request: PATCH https://api.notion.com/v1/pages/1c49efee-de7b-811e-8441-c659441b5d83 "HTTP/1.1 200 OK"
2025-03-28 17:21:28,037 - httpx - INFO - HTTP Request: PATCH https://api.notion.com/v1/pages/1c49efee-de7b-81e1-a5e8-c340ae937c9c "HTTP/1.1 200 OK"
2025-03-28 17:21:31,009 - httpx - INFO - HTTP Request: PATCH https://api.notion.com/v1/pages/1c49efee-de7b-81cd-a018-f4ff498562df "HTTP/1.1 200 OK"
2025-03-28 17:21:31,553 - httpx - INFO - HTTP Request: PATCH https://api.notion.com/v1/pages/1c49efee-de7b-812c-9603-ff5f1af0f997 "HTTP/1.1 200 OK"
2025-03-28 17:21:32,804 - httpx - INFO - HTTP Request: PATCH https://api.notion.com/v1/pages/1c49efee-de7b-8153-9120-f7e9fef271f1 "HTTP/1.1 200 OK"
2025-03-28 17:21:33,283 - httpx - INFO - HTTP Request: PATCH https://api.notion.com/v1/pages/1c49efee-de7b-816b-a0c5-e4d7e9847e12 "HTTP/1.1 200 OK"
2025-03-28 17:21:35,701 - httpx - INFO - HTTP Request: PATCH https://api.notion.com/v1/pages/1c49efee-de7b-81f5-baa2-c2172050ad84 "HTTP/1.1 200 OK"
2025-03-28 17:21:38,293 - httpx - INFO - HTTP Request: PATCH https://api.notion.com/v1/pages/1c49efee-de7b-81c6-9c17-f48373c2e02b "HTTP/1.1 200 OK"
2025-03-28 17:21:41,306 - httpx - INFO - HTTP Request: PATCH https://api.notion.com/v1/pages/1c49efee-de7b-814c-ae6f-da0b047f84f1 "HTTP/1.1 200 OK"
2025-03-28 17:21:41,760 - httpx - INFO - HTTP Request: PATCH https://api.notion.com/v1/pages/1c49efee-de7b-81ba-a430-d7bae5faa77a "HTTP/1.1 200 OK"
2025-03-28 17:21:42,169 - httpx - INFO - HTTP Request: PATCH https://api.notion.com/v1/pages/1c49efee-de7b-81ff-a20c-e1bd70b6a8b9 "HTTP/1.1 200 OK"
2025-03-28 17:21:45,504 - httpx - INFO - HTTP Request: PATCH https://api.notion.com/v1/pages/1c49efee-de7b-81d2-b9aa-f36f8a61866e "HTTP/1.1 200 OK"
2025-03-28 17:21:46,622 - httpx - INFO - HTTP Request: PATCH https://api.notion.com/v1/pages/1c49efee-de7b-8134-ae97-f2e2870add1a "HTTP/1.1 200 OK"
2025-03-28 17:21:48,813 - httpx - INFO - HTTP Request: PATCH https://api.notion.com/v1/pages/1c49efee-de7b-8140-a09e-f0ebddb3c63e "HTTP/1.1 200 OK"
2025-03-28 17:21:55,423 - httpx - INFO - HTTP Request: PATCH https://api.notion.com/v1/pages/1c49efee-de7b-8124-a94c-d668deae8294 "HTTP/1.1 200 OK"
2025-03-28 17:21:55,883 - httpx - INFO - HTTP Request: PATCH https://api.notion.com/v1/pages/1c49efee-de7b-81b4-84e5-e1121b23371e "HTTP/1.1 200 OK"
2025-03-28 17:21:56,326 - httpx - INFO - HTTP Request: PATCH https://api.notion.com/v1/pages/1c49efee-de7b-81ce-9539-c9c22ccfe149 "HTTP/1.1 200 OK"
2025-03-28 17:21:56,961 - httpx - INFO - HTTP Request: PATCH https://api.notion.com/v1/pages/1c49efee-de7b-8138-a480-c340d0d80f5f "HTTP/1.1 200 OK"
2025-03-28 17:21:57,342 - httpx - INFO - HTTP Request: PATCH https://api.notion.com/v1/pages/1c49efee-de7b-81cf-bee6-e22eb23c8e7e "HTTP/1.1 200 OK"
2025-03-28 17:21:58,511 - httpx - INFO - HTTP Request: PATCH https://api.notion.com/v1/pages/1c49efee-de7b-819d-8c7e-e7f589e3ffe5 "HTTP/1.1 200 OK"
2025-03-28 17:21:58,929 - httpx - INFO - HTTP Request: PATCH https://api.notion.com/v1/pages/1c49efee-de7b-81c4-aa4d-c8b467c77691 "HTTP/1.1 200 OK"
2025-03-28 17:22:03,509 - httpx - INFO - HTTP Request: PATCH https://api.notion.com/v1/pages/1c49efee-de7b-8103-8dfa-f50612c9a7f6 "HTTP/1.1 200 OK"
2025-03-28 17:22:03,921 - httpx - INFO - HTTP Request: PATCH https://api.notion.com/v1/pages/1c49efee-de7b-81c8-bf66-cdc1bba78c95 "HTTP/1.1 200 OK"
2025-03-28 17:22:06,075 - httpx - INFO - HTTP Request: PATCH https://api.notion.com/v1/pages/1c49efee-de7b-8198-9642-d502dfc7ae2a "HTTP/1.1 200 OK"
2025-03-28 17:22:06,489 - httpx - INFO - HTTP Request: PATCH https://api.notion.com/v1/pages/1c49efee-de7b-8141-bd7d-e9a388307558 "HTTP/1.1 200 OK"
2025-03-28 17:22:06,853 - httpx - INFO - HTTP Request: PATCH https://api.notion.com/v1/pages/1c49efee-de7b-8187-b44f-f7d641f16dcf "HTTP/1.1 200 OK"
2025-03-28 17:22:07,527 - httpx - INFO - HTTP Request: PATCH https://api.notion.com/v1/pages/1c49efee-de7b-8125-a521-c7e96a8ec22e "HTTP/1.1 200 OK"
2025-03-28 17:22:08,932 - httpx - INFO - HTTP Request: PATCH https://api.notion.com/v1/pages/1c49efee-de7b-8196-80c0-ee461078de87 "HTTP/1.1 200 OK"
2025-03-28 17:22:09,602 - httpx - INFO - HTTP Request: PATCH https://api.notion.com/v1/pages/1c49efee-de7b-8162-a1a4-f6d8a3c63798 "HTTP/1.1 200 OK"
2025-03-28 17:22:09,939 - httpx - INFO - HTTP Request: PATCH https://api.notion.com/v1/pages/1c49efee-de7b-8137-b3b0-e22268f012ce "HTTP/1.1 200 OK"
2025-03-28 17:22:11,176 - httpx - INFO - HTTP Request: PATCH https://api.notion.com/v1/pages/1c49efee-de7b-81ae-96df-c057430ab233 "HTTP/1.1 200 OK"
2025-03-28 17:22:11,820 - httpx - INFO - HTTP Request: PATCH https://api.notion.com/v1/pages/1c49efee-de7b-81af-a1bc-c86069f10ae0 "HTTP/1.1 200 OK"
2025-03-28 17:22:12,302 - httpx - INFO - HTTP Request: PATCH https://api.notion.com/v1/pages/1c49efee-de7b-8184-b04d-e2a4da2db7aa "HTTP/1.1 200 OK"
2025-03-28 17:22:12,683 - httpx - INFO - HTTP Request: PATCH https://api.notion.com/v1/pages/1c49efee-de7b-8110-9a80-cbe1e1ad280c "HTTP/1.1 200 OK"
2025-03-28 17:22:13,309 - httpx - INFO - HTTP Request: PATCH https://api.notion.com/v1/pages/1c49efee-de7b-81ad-a0f0-cf8199d7bf4f "HTTP/1.1 200 OK"
2025-03-28 17:22:15,581 - httpx - INFO - HTTP Request: PATCH https://api.notion.com/v1/pages/1c49efee-de7b-8139-8bc8-e7f61b9e4f6d "HTTP/1.1 200 OK"
2025-03-28 17:22:16,755 - httpx - INFO - HTTP Request: PATCH https://api.notion.com/v1/pages/1c49efee-de7b-81b0-99d3-f4ec1ff79ab5 "HTTP/1.1 200 OK"
2025-03-28 17:22:17,171 - httpx - INFO - HTTP Request: PATCH https://api.notion.com/v1/pages/1c49efee-de7b-8199-9163-dbf59680c82e "HTTP/1.1 200 OK"
2025-03-28 17:22:17,625 - httpx - INFO - HTTP Request: PATCH https://api.notion.com/v1/pages/1c49efee-de7b-81f4-aecd-e21a84748bf8 "HTTP/1.1 200 OK"
2025-03-28 17:22:17,998 - httpx - INFO - HTTP Request: PATCH https://api.notion.com/v1/pages/1c49efee-de7b-81a3-9770-d02032849e55 "HTTP/1.1 200 OK"
2025-03-28 17:22:18,681 - httpx - INFO - HTTP Request: PATCH https://api.notion.com/v1/pages/1c49efee-de7b-817e-afb9-e65b062ab800 "HTTP/1.1 200 OK"
2025-03-28 17:22:19,311 - httpx - INFO - HTTP Request: PATCH https://api.notion.com/v1/pages/1c49efee-de7b-815b-8a1e-d91c6083077b "HTTP/1.1 200 OK"
2025-03-28 17:22:19,670 - httpx - INFO - HTTP Request: PATCH https://api.notion.com/v1/pages/1c49efee-de7b-8162-86d3-e3b658fa9503 "HTTP/1.1 200 OK"
2025-03-28 17:22:20,978 - httpx - INFO - HTTP Request: PATCH https://api.notion.com/v1/pages/1c49efee-de7b-8169-bd4b-d1ef6e1e6863 "HTTP/1.1 200 OK"
2025-03-28 17:22:22,019 - httpx - INFO - HTTP Request: PATCH https://api.notion.com/v1/pages/1c49efee-de7b-8157-bbf9-c3e660e4fa11 "HTTP/1.1 200 OK"
2025-03-28 17:22:22,385 - httpx - INFO - HTTP Request: PATCH https://api.notion.com/v1/pages/1c49efee-de7b-817a-90f4-f7b59119158f "HTTP/1.1 200 OK"
2025-03-28 17:22:22,740 - httpx - INFO - HTTP Request: PATCH https://api.notion.com/v1/pages/1c49efee-de7b-81d7-b931-d81e5a0d03fa "HTTP/1.1 200 OK"
2025-03-28 17:22:23,208 - httpx - INFO - HTTP Request: PATCH https://api.notion.com/v1/pages/1c49efee-de7b-810d-9f9c-eca19c5e0150 "HTTP/1.1 200 OK"
2025-03-28 17:22:23,610 - httpx - INFO - HTTP Request: PATCH https://api.notion.com/v1/pages/1c49efee-de7b-81fe-877d-c49fbcca3528 "HTTP/1.1 200 OK"
2025-03-28 17:22:24,003 - httpx - INFO - HTTP Request: PATCH https://api.notion.com/v1/pages/1c49efee-de7b-815c-a4f9-d4174be34def "HTTP/1.1 200 OK"
2025-03-28 17:22:24,384 - httpx - INFO - HTTP Request: PATCH https://api.notion.com/v1/pages/1c49efee-de7b-819f-a2ec-e805a24082a2 "HTTP/1.1 200 OK"
2025-03-28 17:22:24,830 - httpx - INFO - HTTP Request: PATCH https://api.notion.com/v1/pages/1c49efee-de7b-81d9-b7ca-e979483f6ce4 "HTTP/1.1 200 OK"
2025-03-28 17:22:30,970 - httpx - INFO - HTTP Request: PATCH https://api.notion.com/v1/pages/1c49efee-de7b-81b0-9abf-e2551446547a "HTTP/1.1 200 OK"
2025-03-28 17:22:32,757 - httpx - INFO - HTTP Request: POST https://api.notion.com/v1/pages "HTTP/1.1 200 OK"
2025-03-28 17:22:33,658 - httpx - INFO - HTTP Request: POST https://api.notion.com/v1/pages "HTTP/1.1 200 OK"
2025-03-28 17:22:34,988 - httpx - INFO - HTTP Request: POST https://api.notion.com/v1/pages "HTTP/1.1 200 OK"
2025-03-28 17:22:40,092 - httpx - INFO - HTTP Request: POST https://api.notion.com/v1/pages "HTTP/1.1 200 OK"
2025-03-28 17:22:40,612 - httpx - INFO - HTTP Request: POST https://api.notion.com/v1/pages "HTTP/1.1 200 OK"
2025-03-28 17:22:41,210 - httpx - INFO - HTTP Request: POST https://api.notion.com/v1/pages "HTTP/1.1 200 OK"
2025-03-28 17:22:41,895 - httpx - INFO - HTTP Request: POST https://api.notion.com/v1/pages "HTTP/1.1 200 OK"
2025-03-28 17:22:42,443 - httpx - INFO - HTTP Request: POST https://api.notion.com/v1/pages "HTTP/1.1 200 OK"
2025-03-28 17:22:42,998 - httpx - INFO - HTTP Request: POST https://api.notion.com/v1/pages "HTTP/1.1 200 OK"
2025-03-28 17:22:43,465 - httpx - INFO - HTTP Request: POST https://api.notion.com/v1/pages "HTTP/1.1 200 OK"
2025-03-28 17:22:43,871 - httpx - INFO - HTTP Request: POST https://api.notion.com/v1/pages "HTTP/1.1 200 OK"
2025-03-28 17:22:44,572 - httpx - INFO - HTTP Request: POST https://api.notion.com/v1/pages "HTTP/1.1 200 OK"
2025-03-28 17:22:45,122 - httpx - INFO - HTTP Request: POST https://api.notion.com/v1/pages "HTTP/1.1 200 OK"
2025-03-28 17:22:46,141 - httpx - INFO - HTTP Request: POST https://api.notion.com/v1/pages "HTTP/1.1 200 OK"
2025-03-28 17:22:53,637 - httpx - INFO - HTTP Request: POST https://api.notion.com/v1/pages "HTTP/1.1 200 OK"
2025-03-28 17:22:54,898 - httpx - INFO - HTTP Request: POST https://api.notion.com/v1/pages "HTTP/1.1 200 OK"
2025-03-28 17:22:55,435 - httpx - INFO - HTTP Request: POST https://api.notion.com/v1/pages "HTTP/1.1 200 OK"
2025-03-28 17:22:56,980 - httpx - INFO - HTTP Request: POST https://api.notion.com/v1/pages "HTTP/1.1 200 OK"
2025-03-28 17:22:57,476 - httpx - INFO - HTTP Request: POST https://api.notion.com/v1/pages "HTTP/1.1 200 OK"
2025-03-28 17:22:57,974 - httpx - INFO - HTTP Request: POST https://api.notion.com/v1/pages "HTTP/1.1 200 OK"
2025-03-28 17:22:59,314 - httpx - INFO - HTTP Request: POST https://api.notion.com/v1/pages "HTTP/1.1 200 OK"
2025-03-28 17:22:59,764 - httpx - INFO - HTTP Request: POST https://api.notion.com/v1/pages "HTTP/1.1 200 OK"
2025-03-28 17:23:01,603 - httpx - INFO - HTTP Request: POST https://api.notion.com/v1/pages "HTTP/1.1 200 OK"
2025-03-28 17:23:02,129 - httpx - INFO - HTTP Request: POST https://api.notion.com/v1/pages "HTTP/1.1 200 OK"
2025-03-28 17:23:02,612 - httpx - INFO - HTTP Request: POST https://api.notion.com/v1/pages "HTTP/1.1 200 OK"
2025-03-28 17:23:03,269 - httpx - INFO - HTTP Request: POST https://api.notion.com/v1/pages "HTTP/1.1 200 OK"
2025-03-28 17:23:03,795 - httpx - INFO - HTTP Request: POST https://api.notion.com/v1/pages "HTTP/1.1 200 OK"
2025-03-28 17:23:04,659 - httpx - INFO - HTTP Request: POST https://api.notion.com/v1/pages "HTTP/1.1 200 OK"
2025-03-28 17:23:05,152 - httpx - INFO - HTTP Request: POST https://api.notion.com/v1/pages "HTTP/1.1 200 OK"
2025-03-28 17:23:08,366 - httpx - INFO - HTTP Request: POST https://api.notion.com/v1/pages "HTTP/1.1 200 OK"
2025-03-28 17:38:24,135 - httpx - INFO - HTTP Request: POST https://api.notion.com/v1/pages "HTTP/1.1 200 OK"
2025-03-28 17:38:24,616 - httpx - INFO - HTTP Request: POST https://api.notion.com/v1/pages "HTTP/1.1 200 OK"
2025-03-28 17:38:25,114 - httpx - INFO - HTTP Request: POST https://api.notion.com/v1/pages "HTTP/1.1 200 OK"
2025-03-28 17:38:26,515 - httpx - INFO - HTTP Request: POST https://api.notion.com/v1/pages "HTTP/1.1 200 OK"
2025-03-28 17:38:27,335 - httpx - INFO - HTTP Request: POST https://api.notion.com/v1/pages "HTTP/1.1 200 OK"
2025-03-28 17:38:28,646 - httpx - INFO - HTTP Request: POST https://api.notion.com/v1/pages "HTTP/1.1 200 OK"
2025-03-28 17:38:29,144 - httpx - INFO - HTTP Request: POST https://api.notion.com/v1/pages "HTTP/1.1 200 OK"
2025-03-28 17:38:30,629 - httpx - INFO - HTTP Request: POST https://api.notion.com/v1/pages "HTTP/1.1 200 OK"
2025-03-28 17:38:31,089 - httpx - INFO - HTTP Request: POST https://api.notion.com/v1/pages "HTTP/1.1 200 OK"
2025-03-28 17:38:32,102 - httpx - INFO - HTTP Request: POST https://api.notion.com/v1/pages "HTTP/1.1 200 OK"
2025-03-28 17:38:33,490 - httpx - INFO - HTTP Request: POST https://api.notion.com/v1/pages "HTTP/1.1 200 OK"
2025-03-28 17:38:33,967 - httpx - INFO - HTTP Request: POST https://api.notion.com/v1/pages "HTTP/1.1 200 OK"
2025-03-28 17:38:34,443 - httpx - INFO - HTTP Request: POST https://api.notion.com/v1/pages "HTTP/1.1 200 OK"
2025-03-28 17:38:35,686 - httpx - INFO - HTTP Request: POST https://api.notion.com/v1/pages "HTTP/1.1 200 OK"
2025-03-28 17:38:36,140 - httpx - INFO - HTTP Request: POST https://api.notion.com/v1/pages "HTTP/1.1 200 OK"
